<!-- **************************************************************************
#
# Copyright (c) 2004-2009 Oracle Corporation.
#
# All rights reserved. This program and the accompanying materials
# are made available under the terms of the Eclipse Public License v1.0
# which accompanies this distribution, and is available at
# http://www.eclipse.org/legal/epl-v10.html
#
# Contributors: 
#
#    Kohsuke Kawaguchi, Xavier Le Vourch
#        
#
#************************************************************************** --> 


<testsuites>
  <testsuite errors="0" failures="0" hostname="molene" id="0" name="DummyTest" package="" tests="1" time="4.158" timestamp="2009-01-16T22:57:13">
      <testcase classname="DummyTest" name="testDummyMethod" time="3.521" />
  </testsuite>
</testsuites>
